<?xml version="1.0" encoding="UTF-8"?>
<!-- Generated by org.testng.reporters.JUnitReportReporter -->
<testsuite skipped="0" hostname="SBMAC0261.local" name="com.saucedemo.qa.util.BootstrapDropboxHandling2" tests="1" failures="0" timestamp="20 Feb 2019 12:28:45 GMT" time="29.983" errors="0">
  <testcase name="test" time="29.983" classname="com.saucedemo.qa.util.BootstrapDropboxHandling2"/>
</testsuite> <!-- com.saucedemo.qa.util.BootstrapDropboxHandling2 -->
