<?xml version="1.0" encoding="UTF-8"?>
<!-- Generated by org.testng.reporters.JUnitReportReporter -->
<testsuite skipped="0" hostname="SBMAC0261.local" name="com.saucedemo.qa.testcases.LoginPageTest" tests="2" failures="0" timestamp="18 Feb 2019 05:47:17 GMT" time="21.877" errors="0">
  <testcase name="loginPageTitleVerify" time="7.224" classname="com.saucedemo.qa.testcases.LoginPageTest"/>
  <testcase name="loginTest" time="14.653" classname="com.saucedemo.qa.testcases.LoginPageTest"/>
</testsuite> <!-- com.saucedemo.qa.testcases.LoginPageTest -->
